<?xml version="1.0" encoding="UTF-8"?>
<testng-results skipped="0" failed="0" ignored="0" total="1" passed="1">
  <reporter-output>
  </reporter-output>
  <suite name="Default suite" duration-ms="36653" started-at="2019-05-22T06:59:11Z" finished-at="2019-05-22T06:59:48Z">
    <groups>
    </groups>
    <test name="Default test" duration-ms="36653" started-at="2019-05-22T06:59:11Z" finished-at="2019-05-22T06:59:48Z">
      <class name="com.vsoftAppium.test.TouchActions">
        <test-method status="PASS" signature="launchapplication()[pri:0, instance:com.vsoftAppium.test.TouchActions@4f970963]" name="launchapplication" is-config="true" duration-ms="19975" started-at="2019-05-22T06:59:11Z" finished-at="2019-05-22T06:59:31Z">
          <reporter-output>
          </reporter-output>
        </test-method> <!-- launchapplication -->
        <test-method status="PASS" signature="scrollUISelector()[pri:0, instance:com.vsoftAppium.test.TouchActions@4f970963]" name="scrollUISelector" duration-ms="16640" started-at="2019-05-22T06:59:31Z" finished-at="2019-05-22T06:59:48Z">
          <reporter-output>
          </reporter-output>
        </test-method> <!-- scrollUISelector -->
      </class> <!-- com.vsoftAppium.test.TouchActions -->
    </test> <!-- Default test -->
  </suite> <!-- Default suite -->
</testng-results>
